<?xml version="1.0" encoding="UTF-8"?>
<testsuites name="jest tests" tests="3" failures="0" errors="0" time="7.593">
  <testsuite name="Register component" errors="0" failures="0" skipped="0" timestamp="2024-03-23T19:05:04" time="6.719" tests="3">
    <testcase classname="Register component allows user to input username, email, and password" name="Register component allows user to input username, email, and password" time="0.18">
    </testcase>
    <testcase classname="Register component submits registration form correctly" name="Register component submits registration form correctly" time="0.187">
    </testcase>
    <testcase classname="Register component handles registration errors correctly" name="Register component handles registration errors correctly" time="0.118">
    </testcase>
  </testsuite>
</testsuites>